<?xml version="1.0" encoding="UTF-8"?>
<!-- Generated by org.testng.reporters.JUnitReportReporter -->
<testsuite name="com.knoldus.AjaxSpec" tests="4" time="61.700" ignored="0" failures="0" timestamp="07 Apr 2020 09:41:50 GMT" skipped="0" hostname="knoldus-Vostro-3546" errors="0">
  <testcase name="ajaxSecondTest" time="3.431" classname="com.knoldus.AjaxSpec"/>
  <testcase name="child_Window_Or_PopUP" time="14.312" classname="com.knoldus.AjaxSpec"/>
  <testcase name="iframes" time="37.009" classname="com.knoldus.AjaxSpec"/>
  <testcase name="ajaxFirstTest" time="6.948" classname="com.knoldus.AjaxSpec"/>
</testsuite> <!-- com.knoldus.AjaxSpec -->
